<?xml version="1.0" encoding="UTF-8"?>
<!-- Generated by org.testng.reporters.JUnitReportReporter -->
<testsuite hostname="Aswins-Air.adactin.guest" failures="0" tests="1" name="adactin.urbest.testscripts.To_verify_if_client_can_login_to_the_application_for_invalid_password" time="6.779" errors="0" timestamp="11 Feb 2020 01:25:49 GMT" skipped="0">
  <testcase classname="adactin.urbest.testscripts.To_verify_if_client_can_login_to_the_application_for_invalid_password" name="To_verify_if_client_can_login_to_the_application_for_invalid_password" time="6.779"/>
</testsuite> <!-- adactin.urbest.testscripts.To_verify_if_client_can_login_to_the_application_for_invalid_password -->
