<?xml version="1.0" encoding="UTF-8"?>
<!-- Generated by org.testng.reporters.JUnitReportReporter -->
<testsuite hostname="Aswins-Air.adactin.guest" failures="0" tests="1" name="adactin.urbest.testscripts.To_verify_if_client_is_able_to_login_to_the_application" time="32.044" errors="0" timestamp="12 Feb 2020 01:21:50 GMT" skipped="0">
  <testcase classname="adactin.urbest.testscripts.To_verify_if_client_is_able_to_login_to_the_application" name="To_verify_if_client_is_able_to_login_to_the_application" time="32.044"/>
</testsuite> <!-- adactin.urbest.testscripts.To_verify_if_client_is_able_to_login_to_the_application -->
