<?xml version="1.0" encoding="UTF-8"?>
<!-- Generated by org.testng.reporters.JUnitReportReporter -->
<testsuite hostname="Aswins-Air.adactin.guest" failures="0" tests="1" name="adactin.urbest.testrunner.Verify_Login_With_invalid_password" time="4.760" errors="0" timestamp="06 Feb 2020 05:52:45 GMT" skipped="0">
  <testcase classname="adactin.urbest.testrunner.Verify_Login_With_invalid_password" name="Verify_Sign_On_With_Invalid_Password" time="4.760"/>
</testsuite> <!-- adactin.urbest.testrunner.Verify_Login_With_invalid_password -->
