<?xml version="1.0" encoding="UTF-8"?>
<!-- Generated by org.testng.reporters.JUnitReportReporter -->
<testsuite hostname="Aswins-Air.adactin.guest" failures="0" tests="1" name="NewTest" time="0.012" errors="0" timestamp="28 Jan 2020 03:46:55 GMT" skipped="0">
  <testcase classname="NewTest" name="f" time="0.012"/>
</testsuite> <!-- NewTest -->
