<?xml version="1.0" encoding="UTF-8"?>
<!-- Generated by org.testng.reporters.JUnitReportReporter -->
<testsuite hostname="Aswins-Air.adactin.guest" failures="0" tests="1" name="adactin.urbest.testrunner.Verify_Login" time="3.174" errors="0" timestamp="28 Jan 2020 04:52:57 GMT" skipped="0">
  <testcase classname="adactin.urbest.testrunner.Verify_Login" name="Verify_Sign_On" time="3.174"/>
</testsuite> <!-- adactin.urbest.testrunner.Verify_Login -->
