<?xml version="1.0" encoding="UTF-8"?>
<!-- Generated by org.testng.reporters.JUnitReportReporter -->
<testsuite hostname="Aswins-Air.adactin.guest" failures="0" tests="1" name="adactin.urbest.testscripts.To_Verify_if_user_can_Login_With_Valid_Credentials" time="13.997" errors="0" timestamp="09 Feb 2020 23:22:17 GMT" skipped="0">
  <testcase classname="adactin.urbest.testscripts.To_Verify_if_user_can_Login_With_Valid_Credentials" name="Verify_Sign_On_With_Valid_Credentials" time="13.997"/>
</testsuite> <!-- adactin.urbest.testscripts.To_Verify_if_user_can_Login_With_Valid_Credentials -->
