<?xml version="1.0" encoding="UTF-8"?>
<!-- Generated by org.testng.reporters.JUnitReportReporter -->
<testsuite hostname="Aswins-Air.adactin.guest" failures="0" tests="1" name="adactin.urbest.testscripts.To_verify_if_client_is_able_to_click_the_forgot_password_button_and_reset_the_credentials" time="21.431" errors="0" timestamp="11 Feb 2020 00:40:34 GMT" skipped="0">
  <testcase classname="adactin.urbest.testscripts.To_verify_if_client_is_able_to_click_the_forgot_password_button_and_reset_the_credentials" name="To_verify_if_client_is_able_to_click_the_forgot_password_button_and_reset_the_credentials" time="21.431"/>
</testsuite> <!-- adactin.urbest.testscripts.To_verify_if_client_is_able_to_click_the_forgot_password_button_and_reset_the_credentials -->
